2024-03-14 11:43:49.370 INFO  (main) [c: s: r: x: t:] o.e.j.s.Server jetty-10.0.19; built: 2023-12-15T20:38:32.477Z; git: 8492d1c78f122bb30cce20aecfa07e7283facd47; jvm 17.0.10+7
2024-03-14 11:43:50.513 WARN  (main) [c: s: r: x: t:] o.e.j.u.DeprecationWarning Using @Deprecated Class org.eclipse.jetty.servlet.listener.ELContextCleaner
2024-03-14 11:43:50.640 INFO  (main) [c: s: r: x: t:] o.a.s.s.CoreContainerProvider Using logger factory org.apache.logging.slf4j.Log4jLoggerFactory
2024-03-14 11:43:50.664 INFO  (main) [c: s: r: x: t:] o.a.s.s.CoreContainerProvider  ___      _       Welcome to Apache Solr™ version 9.5.0
2024-03-14 11:43:50.665 INFO  (main) [c: s: r: x: t:] o.a.s.s.CoreContainerProvider / __| ___| |_ _   Starting in standalone mode on port 8983
2024-03-14 11:43:50.665 INFO  (main) [c: s: r: x: t:] o.a.s.s.CoreContainerProvider \__ \/ _ \ | '_|  Install dir: /opt/solr-9.5.0
2024-03-14 11:43:50.665 INFO  (main) [c: s: r: x: t:] o.a.s.s.CoreContainerProvider |___/\___/_|_|    Start time: 2024-03-14T11:43:50.665819800Z
2024-03-14 11:43:50.680 INFO  (main) [c: s: r: x: t:] o.a.s.s.CoreContainerProvider Solr started with "-XX:+CrashOnOutOfMemoryError" that will crash on any OutOfMemoryError exception. The cause of the OOME will be logged in the crash file at the following path: /var/solr/logs/jvm_crash_12.log
2024-03-14 11:43:50.781 INFO  (main) [c: s: r: x: t:] o.a.s.s.CoreContainerProvider Solr Home: /var/solr/data (source: system property: solr.solr.home)
2024-03-14 11:43:50.901 INFO  (main) [c: s: r: x: t:] o.a.s.c.SolrXmlConfig solr.xml not found in SOLR_HOME, using built-in default
2024-03-14 11:43:50.901 INFO  (main) [c: s: r: x: t:] o.a.s.c.SolrXmlConfig Loading solr.xml from /opt/solr-9.5.0/server/solr/solr.xml
2024-03-14 11:43:51.109 INFO  (main) [c: s: r: x: t:] o.a.s.c.SolrResourceLoader Added 1 libs to classloader, from paths: [/opt/solr-9.5.0/lib]
2024-03-14 11:43:55.445 INFO  (main) [c: s: r: x: t:] o.a.s.u.t.SimplePropagator Always-on trace id generation enabled.
2024-03-14 11:43:57.905 WARN  (main) [c: s: r: x: t:] o.a.s.u.StartupLoggingUtils Jetty request logging enabled. Will retain logs for last 3 days. See chapter "Configuring Logging" in reference guide for how to configure.
2024-03-14 11:43:57.951 WARN  (main) [c: s: r: x: t:] o.a.s.c.CoreContainer Not all security plugins configured!  authentication=disabled authorization=disabled.  Solr is only as secure as you make it. Consider configuring authentication/authorization before exposing Solr to users internal or external.  See https://s.apache.org/solrsecurity for more info
2024-03-14 11:44:01.762 INFO  (main) [c: s: r: x: t:] o.a.s.c.CorePropertiesLocator Found 1 core definitions underneath /var/solr/data
2024-03-14 11:44:01.765 INFO  (main) [c: s: r: x: t:] o.a.s.c.CorePropertiesLocator Cores are: [company]
2024-03-14 11:44:02.400 INFO  (coreLoadExecutor-11-thread-1) [c: s: r: x:company t:] o.a.s.c.SolrConfig Using Lucene MatchVersion: 9.9.0
2024-03-14 11:44:03.402 INFO  (coreLoadExecutor-11-thread-1) [c: s: r: x:company t:] o.a.s.s.IndexSchema Schema name=default-config
2024-03-14 11:44:03.736 WARN  (main) [c: s: r: x: t:] o.g.j.m.i.MessagingBinders A class jakarta.activation.DataSource for a default provider MessageBodyWriter<jakarta.activation.DataSource> was not found. The provider is not available.
2024-03-14 11:44:04.715 INFO  (main) [c: s: r: x: t:] o.a.s.j.SolrRequestAuthorizer Creating a new SolrRequestAuthorizer
2024-03-14 11:44:05.167 INFO  (main) [c: s: r: x: t:] o.e.j.s.h.ContextHandler Started o.e.j.w.WebAppContext@21362712{solr-jetty-context.xml,/solr,file:///opt/solr-9.5.0/server/solr-webapp/webapp/,AVAILABLE}{/opt/solr-9.5.0/server/solr-webapp/webapp}
2024-03-14 11:44:05.251 INFO  (main) [c: s: r: x: t:] o.e.j.s.RequestLogWriter Opened /var/solr/logs/2024_03_14.request.log
2024-03-14 11:44:05.270 INFO  (main) [c: s: r: x: t:] o.e.j.s.AbstractConnector Started ServerConnector@666b83a4{HTTP/1.1, (http/1.1, h2c)}{0.0.0.0:8983}
2024-03-14 11:44:05.277 INFO  (main) [c: s: r: x: t:] o.e.j.s.Server Started Server@3e8f7922{STARTING}[10.0.19,sto=0] @19816ms
2024-03-14 11:44:05.736 INFO  (coreLoadExecutor-11-thread-1) [c: s: r: x:company t:] o.a.s.s.IndexSchema Loaded schema default-config/1.6 with uniqueid field id
2024-03-14 11:44:05.736 INFO  (coreLoadExecutor-11-thread-1) [c: s: r: x:company t:] o.a.s.c.CoreContainer Creating SolrCore 'company' using configuration from instancedir /var/solr/data/company, trusted=true
2024-03-14 11:44:05.831 INFO  (coreLoadExecutor-11-thread-1) [c: s: r: x:company t:] o.a.s.c.SolrCore Opening new SolrCore at [/var/solr/data/company], dataDir=[/var/solr/data/company/data/]
2024-03-14 11:44:07.695 INFO  (coreLoadExecutor-11-thread-1) [c: s: r: x:company t:] o.a.s.j.SolrRequestAuthorizer Creating a new SolrRequestAuthorizer
2024-03-14 11:44:07.742 INFO  (coreLoadExecutor-11-thread-1) [c: s: r: x:company t:] o.a.s.u.UpdateHandler Using UpdateLog implementation: org.apache.solr.update.UpdateLog
2024-03-14 11:44:07.743 INFO  (coreLoadExecutor-11-thread-1) [c: s: r: x:company t:] o.a.s.u.UpdateLog Initializing UpdateLog: dataDir= defaultSyncLevel=FLUSH numRecordsToKeep=100 maxNumLogsToKeep=10 numVersionBuckets=65536
2024-03-14 11:44:07.812 INFO  (coreLoadExecutor-11-thread-1) [c: s: r: x:company t:] o.a.s.u.CommitTracker Hard AutoCommit: if uncommitted for 15000ms; 
2024-03-14 11:44:07.813 INFO  (coreLoadExecutor-11-thread-1) [c: s: r: x:company t:] o.a.s.u.CommitTracker Soft AutoCommit: if uncommitted for 3000ms; 
2024-03-14 11:44:08.226 INFO  (coreLoadExecutor-11-thread-1) [c: s: r: x:company t:] o.a.s.r.ManagedResourceStorage File-based storage initialized to use dir: /var/solr/data/company/conf
2024-03-14 11:44:08.303 INFO  (coreLoadExecutor-11-thread-1) [c: s: r: x:company t:] o.a.s.s.DirectSolrSpellChecker init: {name=default, field=_text_, classname=solr.DirectSolrSpellChecker, distanceMeasure=internal, maxEdits=2, minPrefix=1, maxInspections=5, minQueryLength=4, accuracy=0.5, maxQueryFrequency=0.01}
2024-03-14 11:44:08.322 INFO  (coreLoadExecutor-11-thread-1) [c: s: r: x:company t:] o.a.s.h.ReplicationHandler Commits will be reserved for 10000 ms
2024-03-14 11:44:08.327 INFO  (searcherExecutor-13-thread-1-processing-company) [c: s: r: x:company t:] o.a.s.c.QuerySenderListener QuerySenderListener done.
2024-03-14 11:44:08.327 INFO  (searcherExecutor-13-thread-1-processing-company) [c: s: r: x:company t:] o.a.s.h.c.SpellCheckComponent Loading spell index for spellchecker: default
2024-03-14 11:44:08.348 INFO  (searcherExecutor-13-thread-1-processing-company) [c: s: r: x:company t:] o.a.s.c.SolrCore Registered new searcher autowarm time: 0 ms
2024-03-14 11:45:03.624 INFO  (qtp1415289182-25-null-1) [c: s: r: x:company t:null-1] o.a.s.u.p.LogUpdateProcessorFactory webapp=/solr path=/update params={wt=javabin&version=2}{add=[7438bbd4-779f-402b-a418-825aaa486023 (1793501905265098752)]} 0 211
2024-03-14 11:45:04.196 INFO  (searcherExecutor-13-thread-1-processing-company null-2) [c: s: r: x:company t:null-2] o.a.s.c.QuerySenderListener QuerySenderListener done.
2024-03-14 11:45:04.205 INFO  (searcherExecutor-13-thread-1-processing-company null-2) [c: s: r: x:company t:null-2] o.a.s.c.SolrCore Registered new searcher autowarm time: 4 ms
2024-03-14 11:45:04.209 INFO  (qtp1415289182-19-null-2) [c: s: r: x:company t:null-2] o.a.s.u.p.LogUpdateProcessorFactory webapp=/solr path=/update params={waitSearcher=true&commit=true&softCommit=false&wt=javabin&version=2}{commit=} 0 548
2024-03-14 11:45:17.158 INFO  (qtp1415289182-24-null-3) [c: s: r: x:company t:null-3] o.a.s.c.S.Request webapp=/solr path=/select params={q=*:*&start=0&rows=0&wt=javabin&version=2} hits=1 status=0 QTime=19
2024-03-14 11:45:17.173 INFO  (qtp1415289182-26-null-4) [c: s: r: x:company t:null-4] o.a.s.c.S.Request webapp=/solr path=/select params={q=*:*&start=0&rows=1&wt=javabin&version=2} hits=1 status=0 QTime=5
2024-03-14 11:45:33.424 INFO  (qtp1415289182-24-null-5) [c: s: r: x:company t:null-5] o.a.s.c.S.Request webapp=/solr path=/select params={q=id:1&start=0&rows=1&wt=javabin&version=2} hits=0 status=0 QTime=12
2024-03-14 11:47:58.245 ERROR (qtp1415289182-20-null-6) [c: s: r: x:company t:null-6] o.a.s.h.RequestHandlerBase Client exception => org.apache.solr.common.SolrException: org.apache.solr.search.SyntaxError: Cannot parse 'id:*string* or name:*string*"': Lexical error at line 1, column 30.  Encountered: <EOF> (in lexical state 3)
	at org.apache.solr.handler.component.QueryComponent.prepare(QueryComponent.java:219)
org.apache.solr.common.SolrException: org.apache.solr.search.SyntaxError: Cannot parse 'id:*string* or name:*string*"': Lexical error at line 1, column 30.  Encountered: <EOF> (in lexical state 3)
	at org.apache.solr.handler.component.QueryComponent.prepare(QueryComponent.java:219) ~[?:?]
	at org.apache.solr.handler.component.SearchHandler.handleRequestBody(SearchHandler.java:431) ~[?:?]
	at org.apache.solr.handler.RequestHandlerBase.handleRequest(RequestHandlerBase.java:226) ~[?:?]
	at org.apache.solr.core.SolrCore.execute(SolrCore.java:2884) ~[?:?]
	at org.apache.solr.servlet.HttpSolrCall.executeCoreRequest(HttpSolrCall.java:875) ~[?:?]
	at org.apache.solr.servlet.HttpSolrCall.call(HttpSolrCall.java:561) ~[?:?]
	at org.apache.solr.servlet.SolrDispatchFilter.dispatch(SolrDispatchFilter.java:262) ~[?:?]
	at org.apache.solr.servlet.SolrDispatchFilter.lambda$doFilter$0(SolrDispatchFilter.java:219) ~[?:?]
	at org.apache.solr.servlet.ServletUtils.traceHttpRequestExecution2(ServletUtils.java:249) ~[?:?]
	at org.apache.solr.servlet.ServletUtils.rateLimitRequest(ServletUtils.java:215) ~[?:?]
	at org.apache.solr.servlet.SolrDispatchFilter.doFilter(SolrDispatchFilter.java:213) ~[?:?]
	at org.apache.solr.servlet.SolrDispatchFilter.doFilter(SolrDispatchFilter.java:195) ~[?:?]
	at org.eclipse.jetty.servlet.FilterHolder.doFilter(FilterHolder.java:210) ~[jetty-servlet-10.0.19.jar:10.0.19]
	at org.eclipse.jetty.servlet.ServletHandler$Chain.doFilter(ServletHandler.java:1635) ~[jetty-servlet-10.0.19.jar:10.0.19]
	at org.eclipse.jetty.servlet.ServletHandler.doHandle(ServletHandler.java:527) ~[jetty-servlet-10.0.19.jar:10.0.19]
	at org.eclipse.jetty.server.handler.ScopedHandler.handle(ScopedHandler.java:131) ~[jetty-server-10.0.19.jar:10.0.19]
	at org.eclipse.jetty.security.SecurityHandler.handle(SecurityHandler.java:598) ~[jetty-security-10.0.19.jar:10.0.19]
	at org.eclipse.jetty.server.handler.HandlerWrapper.handle(HandlerWrapper.java:122) ~[jetty-server-10.0.19.jar:10.0.19]
	at org.eclipse.jetty.server.handler.ScopedHandler.nextHandle(ScopedHandler.java:223) ~[jetty-server-10.0.19.jar:10.0.19]
	at org.eclipse.jetty.server.session.SessionHandler.doHandle(SessionHandler.java:1580) ~[jetty-server-10.0.19.jar:10.0.19]
	at org.eclipse.jetty.server.handler.ScopedHandler.nextHandle(ScopedHandler.java:221) ~[jetty-server-10.0.19.jar:10.0.19]
	at org.eclipse.jetty.server.handler.ContextHandler.doHandle(ContextHandler.java:1384) ~[jetty-server-10.0.19.jar:10.0.19]
	at org.eclipse.jetty.server.handler.ScopedHandler.nextScope(ScopedHandler.java:176) ~[jetty-server-10.0.19.jar:10.0.19]
	at org.eclipse.jetty.servlet.ServletHandler.doScope(ServletHandler.java:484) ~[jetty-servlet-10.0.19.jar:10.0.19]
	at org.eclipse.jetty.server.session.SessionHandler.doScope(SessionHandler.java:1553) ~[jetty-server-10.0.19.jar:10.0.19]
	at org.eclipse.jetty.server.handler.ScopedHandler.nextScope(ScopedHandler.java:174) ~[jetty-server-10.0.19.jar:10.0.19]
	at org.eclipse.jetty.server.handler.ContextHandler.doScope(ContextHandler.java:1306) ~[jetty-server-10.0.19.jar:10.0.19]
	at org.eclipse.jetty.server.handler.ScopedHandler.handle(ScopedHandler.java:129) ~[jetty-server-10.0.19.jar:10.0.19]
	at org.eclipse.jetty.server.handler.ContextHandlerCollection.handle(ContextHandlerCollection.java:149) ~[jetty-server-10.0.19.jar:10.0.19]
	at org.eclipse.jetty.server.handler.InetAccessHandler.handle(InetAccessHandler.java:228) ~[jetty-server-10.0.19.jar:10.0.19]
	at org.eclipse.jetty.server.handler.HandlerCollection.handle(HandlerCollection.java:141) ~[jetty-server-10.0.19.jar:10.0.19]
	at org.eclipse.jetty.server.handler.HandlerWrapper.handle(HandlerWrapper.java:122) ~[jetty-server-10.0.19.jar:10.0.19]
	at org.eclipse.jetty.rewrite.handler.RewriteHandler.handle(RewriteHandler.java:301) ~[jetty-rewrite-10.0.19.jar:10.0.19]
	at org.eclipse.jetty.server.handler.HandlerWrapper.handle(HandlerWrapper.java:122) ~[jetty-server-10.0.19.jar:10.0.19]
	at org.eclipse.jetty.server.handler.gzip.GzipHandler.handle(GzipHandler.java:822) ~[jetty-server-10.0.19.jar:10.0.19]
	at org.eclipse.jetty.server.handler.HandlerWrapper.handle(HandlerWrapper.java:122) ~[jetty-server-10.0.19.jar:10.0.19]
	at org.eclipse.jetty.server.Server.handle(Server.java:563) ~[jetty-server-10.0.19.jar:10.0.19]
	at org.eclipse.jetty.server.HttpChannel$RequestDispatchable.dispatch(HttpChannel.java:1598) ~[jetty-server-10.0.19.jar:10.0.19]
	at org.eclipse.jetty.server.HttpChannel.dispatch(HttpChannel.java:753) ~[jetty-server-10.0.19.jar:10.0.19]
	at org.eclipse.jetty.server.HttpChannel.handle(HttpChannel.java:501) ~[jetty-server-10.0.19.jar:10.0.19]
	at org.eclipse.jetty.server.HttpConnection.onFillable(HttpConnection.java:287) ~[jetty-server-10.0.19.jar:10.0.19]
	at org.eclipse.jetty.io.AbstractConnection$ReadCallback.succeeded(AbstractConnection.java:314) ~[jetty-io-10.0.19.jar:10.0.19]
	at org.eclipse.jetty.io.FillInterest.fillable(FillInterest.java:100) ~[jetty-io-10.0.19.jar:10.0.19]
	at org.eclipse.jetty.io.SelectableChannelEndPoint$1.run(SelectableChannelEndPoint.java:53) ~[jetty-io-10.0.19.jar:10.0.19]
	at org.eclipse.jetty.util.thread.strategy.AdaptiveExecutionStrategy.runTask(AdaptiveExecutionStrategy.java:421) ~[jetty-util-10.0.19.jar:10.0.19]
	at org.eclipse.jetty.util.thread.strategy.AdaptiveExecutionStrategy.consumeTask(AdaptiveExecutionStrategy.java:390) ~[jetty-util-10.0.19.jar:10.0.19]
	at org.eclipse.jetty.util.thread.strategy.AdaptiveExecutionStrategy.tryProduce(AdaptiveExecutionStrategy.java:277) ~[jetty-util-10.0.19.jar:10.0.19]
	at org.eclipse.jetty.util.thread.strategy.AdaptiveExecutionStrategy.produce(AdaptiveExecutionStrategy.java:193) ~[jetty-util-10.0.19.jar:10.0.19]
	at org.eclipse.jetty.util.thread.QueuedThreadPool.runJob(QueuedThreadPool.java:969) ~[jetty-util-10.0.19.jar:10.0.19]
	at org.eclipse.jetty.util.thread.QueuedThreadPool$Runner.doRunJob(QueuedThreadPool.java:1194) ~[jetty-util-10.0.19.jar:10.0.19]
	at org.eclipse.jetty.util.thread.QueuedThreadPool$Runner.run(QueuedThreadPool.java:1149) ~[jetty-util-10.0.19.jar:10.0.19]
	at java.base/java.lang.Thread.run(Unknown Source) [?:?]
Caused by: org.apache.solr.search.SyntaxError: Cannot parse 'id:*string* or name:*string*"': Lexical error at line 1, column 30.  Encountered: <EOF> (in lexical state 3)
	at org.apache.solr.parser.SolrQueryParserBase.parse(SolrQueryParserBase.java:279) ~[?:?]
	at org.apache.solr.search.LuceneQParser.parse(LuceneQParser.java:51) ~[?:?]
	at org.apache.solr.search.QParser.getQuery(QParser.java:188) ~[?:?]
	at org.apache.solr.handler.component.QueryComponent.prepare(QueryComponent.java:173) ~[?:?]
	... 51 more
Caused by: org.apache.solr.parser.TokenMgrError: Lexical error at line 1, column 30.  Encountered: <EOF> (in lexical state 3)
	at org.apache.solr.parser.QueryParserTokenManager.getNextToken(QueryParserTokenManager.java:1503) ~[?:?]
	at org.apache.solr.parser.QueryParser.jj_ntk_f(QueryParser.java:883) ~[?:?]
	at org.apache.solr.parser.QueryParser.Term(QueryParser.java:409) ~[?:?]
	at org.apache.solr.parser.QueryParser.Clause(QueryParser.java:293) ~[?:?]
	at org.apache.solr.parser.QueryParser.Query(QueryParser.java:235) ~[?:?]
	at org.apache.solr.parser.QueryParser.TopLevelQuery(QueryParser.java:143) ~[?:?]
	at org.apache.solr.parser.SolrQueryParserBase.parse(SolrQueryParserBase.java:276) ~[?:?]
	at org.apache.solr.search.LuceneQParser.parse(LuceneQParser.java:51) ~[?:?]
	at org.apache.solr.search.QParser.getQuery(QParser.java:188) ~[?:?]
	at org.apache.solr.handler.component.QueryComponent.prepare(QueryComponent.java:173) ~[?:?]
	... 51 more
2024-03-14 11:47:58.245 INFO  (qtp1415289182-20-null-6) [c: s: r: x:company t:null-6] o.a.s.c.S.Request webapp=/solr path=/select params={q=id:*string*+or+name:*string*"&start=0&rows=0&wt=javabin&version=2} status=400 QTime=24
2024-03-14 11:48:40.448 INFO  (qtp1415289182-26-null-7) [c: s: r: x:company t:null-7] o.a.s.u.p.LogUpdateProcessorFactory webapp=/solr path=/update params={wt=javabin&version=2}{add=[875fc5f4-a206-49fc-92e8-fac7f51e91ea (1793502132618395648)]} 0 151
2024-03-14 11:48:40.986 INFO  (searcherExecutor-13-thread-1-processing-company null-8) [c: s: r: x:company t:null-8] o.a.s.c.QuerySenderListener QuerySenderListener done.
2024-03-14 11:48:40.990 INFO  (searcherExecutor-13-thread-1-processing-company null-8) [c: s: r: x:company t:null-8] o.a.s.c.SolrCore Registered new searcher autowarm time: 0 ms
2024-03-14 11:48:40.993 INFO  (qtp1415289182-25-null-8) [c: s: r: x:company t:null-8] o.a.s.u.p.LogUpdateProcessorFactory webapp=/solr path=/update params={waitSearcher=true&commit=true&softCommit=false&wt=javabin&version=2}{commit=} 0 542
2024-03-14 11:49:02.474 ERROR (qtp1415289182-26-null-9) [c: s: r: x:company t:null-9] o.a.s.h.RequestHandlerBase Client exception => org.apache.solr.common.SolrException: org.apache.solr.search.SyntaxError: Cannot parse 'id:*deneme* or name:*deneme*"': Lexical error at line 1, column 30.  Encountered: <EOF> (in lexical state 3)
	at org.apache.solr.handler.component.QueryComponent.prepare(QueryComponent.java:219)
org.apache.solr.common.SolrException: org.apache.solr.search.SyntaxError: Cannot parse 'id:*deneme* or name:*deneme*"': Lexical error at line 1, column 30.  Encountered: <EOF> (in lexical state 3)
	at org.apache.solr.handler.component.QueryComponent.prepare(QueryComponent.java:219) ~[?:?]
	at org.apache.solr.handler.component.SearchHandler.handleRequestBody(SearchHandler.java:431) ~[?:?]
	at org.apache.solr.handler.RequestHandlerBase.handleRequest(RequestHandlerBase.java:226) ~[?:?]
	at org.apache.solr.core.SolrCore.execute(SolrCore.java:2884) ~[?:?]
	at org.apache.solr.servlet.HttpSolrCall.executeCoreRequest(HttpSolrCall.java:875) ~[?:?]
	at org.apache.solr.servlet.HttpSolrCall.call(HttpSolrCall.java:561) ~[?:?]
	at org.apache.solr.servlet.SolrDispatchFilter.dispatch(SolrDispatchFilter.java:262) ~[?:?]
	at org.apache.solr.servlet.SolrDispatchFilter.lambda$doFilter$0(SolrDispatchFilter.java:219) ~[?:?]
	at org.apache.solr.servlet.ServletUtils.traceHttpRequestExecution2(ServletUtils.java:249) ~[?:?]
	at org.apache.solr.servlet.ServletUtils.rateLimitRequest(ServletUtils.java:215) ~[?:?]
	at org.apache.solr.servlet.SolrDispatchFilter.doFilter(SolrDispatchFilter.java:213) ~[?:?]
	at org.apache.solr.servlet.SolrDispatchFilter.doFilter(SolrDispatchFilter.java:195) ~[?:?]
	at org.eclipse.jetty.servlet.FilterHolder.doFilter(FilterHolder.java:210) ~[jetty-servlet-10.0.19.jar:10.0.19]
	at org.eclipse.jetty.servlet.ServletHandler$Chain.doFilter(ServletHandler.java:1635) ~[jetty-servlet-10.0.19.jar:10.0.19]
	at org.eclipse.jetty.servlet.ServletHandler.doHandle(ServletHandler.java:527) ~[jetty-servlet-10.0.19.jar:10.0.19]
	at org.eclipse.jetty.server.handler.ScopedHandler.handle(ScopedHandler.java:131) ~[jetty-server-10.0.19.jar:10.0.19]
	at org.eclipse.jetty.security.SecurityHandler.handle(SecurityHandler.java:598) ~[jetty-security-10.0.19.jar:10.0.19]
	at org.eclipse.jetty.server.handler.HandlerWrapper.handle(HandlerWrapper.java:122) ~[jetty-server-10.0.19.jar:10.0.19]
	at org.eclipse.jetty.server.handler.ScopedHandler.nextHandle(ScopedHandler.java:223) ~[jetty-server-10.0.19.jar:10.0.19]
	at org.eclipse.jetty.server.session.SessionHandler.doHandle(SessionHandler.java:1580) ~[jetty-server-10.0.19.jar:10.0.19]
	at org.eclipse.jetty.server.handler.ScopedHandler.nextHandle(ScopedHandler.java:221) ~[jetty-server-10.0.19.jar:10.0.19]
	at org.eclipse.jetty.server.handler.ContextHandler.doHandle(ContextHandler.java:1384) ~[jetty-server-10.0.19.jar:10.0.19]
	at org.eclipse.jetty.server.handler.ScopedHandler.nextScope(ScopedHandler.java:176) ~[jetty-server-10.0.19.jar:10.0.19]
	at org.eclipse.jetty.servlet.ServletHandler.doScope(ServletHandler.java:484) ~[jetty-servlet-10.0.19.jar:10.0.19]
	at org.eclipse.jetty.server.session.SessionHandler.doScope(SessionHandler.java:1553) ~[jetty-server-10.0.19.jar:10.0.19]
	at org.eclipse.jetty.server.handler.ScopedHandler.nextScope(ScopedHandler.java:174) ~[jetty-server-10.0.19.jar:10.0.19]
	at org.eclipse.jetty.server.handler.ContextHandler.doScope(ContextHandler.java:1306) ~[jetty-server-10.0.19.jar:10.0.19]
	at org.eclipse.jetty.server.handler.ScopedHandler.handle(ScopedHandler.java:129) ~[jetty-server-10.0.19.jar:10.0.19]
	at org.eclipse.jetty.server.handler.ContextHandlerCollection.handle(ContextHandlerCollection.java:149) ~[jetty-server-10.0.19.jar:10.0.19]
	at org.eclipse.jetty.server.handler.InetAccessHandler.handle(InetAccessHandler.java:228) ~[jetty-server-10.0.19.jar:10.0.19]
	at org.eclipse.jetty.server.handler.HandlerCollection.handle(HandlerCollection.java:141) ~[jetty-server-10.0.19.jar:10.0.19]
	at org.eclipse.jetty.server.handler.HandlerWrapper.handle(HandlerWrapper.java:122) ~[jetty-server-10.0.19.jar:10.0.19]
	at org.eclipse.jetty.rewrite.handler.RewriteHandler.handle(RewriteHandler.java:301) ~[jetty-rewrite-10.0.19.jar:10.0.19]
	at org.eclipse.jetty.server.handler.HandlerWrapper.handle(HandlerWrapper.java:122) ~[jetty-server-10.0.19.jar:10.0.19]
	at org.eclipse.jetty.server.handler.gzip.GzipHandler.handle(GzipHandler.java:822) ~[jetty-server-10.0.19.jar:10.0.19]
	at org.eclipse.jetty.server.handler.HandlerWrapper.handle(HandlerWrapper.java:122) ~[jetty-server-10.0.19.jar:10.0.19]
	at org.eclipse.jetty.server.Server.handle(Server.java:563) ~[jetty-server-10.0.19.jar:10.0.19]
	at org.eclipse.jetty.server.HttpChannel$RequestDispatchable.dispatch(HttpChannel.java:1598) ~[jetty-server-10.0.19.jar:10.0.19]
	at org.eclipse.jetty.server.HttpChannel.dispatch(HttpChannel.java:753) ~[jetty-server-10.0.19.jar:10.0.19]
	at org.eclipse.jetty.server.HttpChannel.handle(HttpChannel.java:501) ~[jetty-server-10.0.19.jar:10.0.19]
	at org.eclipse.jetty.server.HttpConnection.onFillable(HttpConnection.java:287) ~[jetty-server-10.0.19.jar:10.0.19]
	at org.eclipse.jetty.io.AbstractConnection$ReadCallback.succeeded(AbstractConnection.java:314) ~[jetty-io-10.0.19.jar:10.0.19]
	at org.eclipse.jetty.io.FillInterest.fillable(FillInterest.java:100) ~[jetty-io-10.0.19.jar:10.0.19]
	at org.eclipse.jetty.io.SelectableChannelEndPoint$1.run(SelectableChannelEndPoint.java:53) ~[jetty-io-10.0.19.jar:10.0.19]
	at org.eclipse.jetty.util.thread.strategy.AdaptiveExecutionStrategy.runTask(AdaptiveExecutionStrategy.java:421) ~[jetty-util-10.0.19.jar:10.0.19]
	at org.eclipse.jetty.util.thread.strategy.AdaptiveExecutionStrategy.consumeTask(AdaptiveExecutionStrategy.java:390) ~[jetty-util-10.0.19.jar:10.0.19]
	at org.eclipse.jetty.util.thread.strategy.AdaptiveExecutionStrategy.tryProduce(AdaptiveExecutionStrategy.java:277) ~[jetty-util-10.0.19.jar:10.0.19]
	at org.eclipse.jetty.util.thread.strategy.AdaptiveExecutionStrategy.run(AdaptiveExecutionStrategy.java:199) ~[jetty-util-10.0.19.jar:10.0.19]
	at org.eclipse.jetty.util.thread.ReservedThreadExecutor$ReservedThread.run(ReservedThreadExecutor.java:411) ~[jetty-util-10.0.19.jar:10.0.19]
	at org.eclipse.jetty.util.thread.QueuedThreadPool.runJob(QueuedThreadPool.java:969) ~[jetty-util-10.0.19.jar:10.0.19]
	at org.eclipse.jetty.util.thread.QueuedThreadPool$Runner.doRunJob(QueuedThreadPool.java:1194) ~[jetty-util-10.0.19.jar:10.0.19]
	at org.eclipse.jetty.util.thread.QueuedThreadPool$Runner.run(QueuedThreadPool.java:1149) ~[jetty-util-10.0.19.jar:10.0.19]
	at java.base/java.lang.Thread.run(Unknown Source) [?:?]
Caused by: org.apache.solr.search.SyntaxError: Cannot parse 'id:*deneme* or name:*deneme*"': Lexical error at line 1, column 30.  Encountered: <EOF> (in lexical state 3)
	at org.apache.solr.parser.SolrQueryParserBase.parse(SolrQueryParserBase.java:279) ~[?:?]
	at org.apache.solr.search.LuceneQParser.parse(LuceneQParser.java:51) ~[?:?]
	at org.apache.solr.search.QParser.getQuery(QParser.java:188) ~[?:?]
	at org.apache.solr.handler.component.QueryComponent.prepare(QueryComponent.java:173) ~[?:?]
	... 52 more
Caused by: org.apache.solr.parser.TokenMgrError: Lexical error at line 1, column 30.  Encountered: <EOF> (in lexical state 3)
	at org.apache.solr.parser.QueryParserTokenManager.getNextToken(QueryParserTokenManager.java:1503) ~[?:?]
	at org.apache.solr.parser.QueryParser.jj_ntk_f(QueryParser.java:883) ~[?:?]
	at org.apache.solr.parser.QueryParser.Term(QueryParser.java:409) ~[?:?]
	at org.apache.solr.parser.QueryParser.Clause(QueryParser.java:293) ~[?:?]
	at org.apache.solr.parser.QueryParser.Query(QueryParser.java:235) ~[?:?]
	at org.apache.solr.parser.QueryParser.TopLevelQuery(QueryParser.java:143) ~[?:?]
	at org.apache.solr.parser.SolrQueryParserBase.parse(SolrQueryParserBase.java:276) ~[?:?]
	at org.apache.solr.search.LuceneQParser.parse(LuceneQParser.java:51) ~[?:?]
	at org.apache.solr.search.QParser.getQuery(QParser.java:188) ~[?:?]
	at org.apache.solr.handler.component.QueryComponent.prepare(QueryComponent.java:173) ~[?:?]
	... 52 more
2024-03-14 11:49:02.475 INFO  (qtp1415289182-26-null-9) [c: s: r: x:company t:null-9] o.a.s.c.S.Request webapp=/solr path=/select params={q=id:*deneme*+or+name:*deneme*"&start=0&rows=0&wt=javabin&version=2} status=400 QTime=4
2024-03-14 11:52:16.531 INFO  (qtp1415289182-19-null-11) [c: s: r: x: t:null-11] o.a.s.s.HttpSolrCall [admin] webapp=null path=/admin/cores params={indexInfo=false&wt=json&_=1710417136482} status=0 QTime=0
2024-03-14 11:52:17.206 INFO  (qtp1415289182-18-null-12) [c: s: r: x: t:null-12] o.a.s.s.HttpSolrCall [admin] webapp=null path=/admin/info/system params={wt=json&_=1710417136483} status=0 QTime=14
2024-03-14 11:52:17.217 INFO  (qtp1415289182-19-null-13) [c: s: r: x: t:null-13] o.a.s.s.HttpSolrCall [admin] webapp=null path=/admin/info/system params={wt=json&_=1710417136483} status=0 QTime=4
2024-03-14 11:53:03.577 INFO  (qtp1415289182-24-null-14) [c: s: r: x:company t:null-14] o.a.s.u.p.LogUpdateProcessorFactory webapp=/solr path=/update params={wt=javabin&version=2}{add=[650d6cb8-6fa4-4a47-a61c-0a35d576f60a (1793502408581578752)]} 0 99
2024-03-14 11:53:04.179 INFO  (searcherExecutor-13-thread-1-processing-company null-15) [c: s: r: x:company t:null-15] o.a.s.c.QuerySenderListener QuerySenderListener done.
2024-03-14 11:53:04.183 INFO  (searcherExecutor-13-thread-1-processing-company null-15) [c: s: r: x:company t:null-15] o.a.s.c.SolrCore Registered new searcher autowarm time: 0 ms
2024-03-14 11:53:04.184 INFO  (qtp1415289182-19-null-15) [c: s: r: x:company t:null-15] o.a.s.u.p.LogUpdateProcessorFactory webapp=/solr path=/update params={waitSearcher=true&commit=true&softCommit=false&wt=javabin&version=2}{commit=} 0 594
2024-03-14 11:53:13.979 INFO  (qtp1415289182-24-null-16) [c: s: r: x:company t:null-16] o.a.s.c.S.Request webapp=/solr path=/select params={q=*:*&start=0&rows=0&wt=javabin&version=2} hits=3 status=0 QTime=0
2024-03-14 11:53:13.984 INFO  (qtp1415289182-19-null-17) [c: s: r: x:company t:null-17] o.a.s.c.S.Request webapp=/solr path=/select params={q=*:*&start=0&rows=3&wt=javabin&version=2} hits=3 status=0 QTime=0
2024-03-14 11:56:32.268 INFO  (qtp1415289182-18-null-18) [c: s: r: x:company t:null-18] o.a.s.s.ManagedIndexSchema Upgraded to managed schema at /var/solr/data/company/conf/managed-schema.xml
2024-03-14 11:56:32.466 INFO  (qtp1415289182-18-null-18) [c: s: r: x:company t:null-18] o.a.s.u.p.LogUpdateProcessorFactory webapp=/solr path=/update params={wt=javabin&version=2}{add=[a2ad8018-164c-4be9-91ed-ebb157f84b4f (1793502627541024768)]} 0 3059
2024-03-14 11:56:33.578 INFO  (searcherExecutor-13-thread-1-processing-company null-19) [c: s: r: x:company t:null-19] o.a.s.c.QuerySenderListener QuerySenderListener done.
2024-03-14 11:56:33.583 INFO  (searcherExecutor-13-thread-1-processing-company null-19) [c: s: r: x:company t:null-19] o.a.s.c.SolrCore Registered new searcher autowarm time: 0 ms
2024-03-14 11:56:33.585 INFO  (qtp1415289182-26-null-19) [c: s: r: x:company t:null-19] o.a.s.u.p.LogUpdateProcessorFactory webapp=/solr path=/update params={waitSearcher=true&commit=true&softCommit=false&wt=javabin&version=2}{commit=} 0 1096
2024-03-14 11:56:41.164 INFO  (qtp1415289182-24-null-20) [c: s: r: x:company t:null-20] o.a.s.c.S.Request webapp=/solr path=/select params={q=*:*&start=0&rows=0&wt=javabin&version=2} hits=4 status=0 QTime=0
2024-03-14 11:56:41.170 INFO  (qtp1415289182-26-null-21) [c: s: r: x:company t:null-21] o.a.s.c.S.Request webapp=/solr path=/select params={q=*:*&start=0&rows=4&wt=javabin&version=2} hits=4 status=0 QTime=1
2024-03-14 11:58:01.813 INFO  (qtp1415289182-25-null-22) [c: s: r: x: t:null-22] o.a.s.s.HttpSolrCall [admin] webapp=null path=/admin/cores params={indexInfo=false&wt=json&_=1710417136482} status=0 QTime=0
2024-03-14 11:58:02.354 INFO  (qtp1415289182-24-null-23) [c: s: r: x: t:null-23] o.a.s.s.HttpSolrCall [admin] webapp=null path=/admin/cores params={indexInfo=false&wt=json&_=1710417136482} status=0 QTime=0
2024-03-14 11:58:02.890 INFO  (qtp1415289182-23-null-24) [c: s: r: x: t:null-24] o.a.s.s.HttpSolrCall [admin] webapp=null path=/admin/info/system params={wt=json&_=1710417136483} status=0 QTime=4
2024-03-14 11:58:02.899 INFO  (qtp1415289182-24-null-25) [c: s: r: x: t:null-25] o.a.s.s.HttpSolrCall [admin] webapp=null path=/admin/info/system params={wt=json&_=1710417136483} status=0 QTime=4
2024-03-14 11:58:02.910 INFO  (qtp1415289182-23-null-26) [c: s: r: x: t:null-26] o.a.s.s.HttpSolrCall [admin] webapp=null path=/admin/info/system params={wt=json&_=1710417136483} status=0 QTime=5
2024-03-14 11:58:02.920 INFO  (qtp1415289182-25-null-27) [c: s: r: x: t:null-27] o.a.s.s.HttpSolrCall [admin] webapp=null path=/cluster/security/authorization params={wt=json&_=1710417481800} status=0 QTime=11
2024-03-14 11:58:03.578 INFO  (qtp1415289182-27-null-28) [c: s: r: x: t:null-28] o.a.s.s.HttpSolrCall [admin] webapp=null path=/admin/cores params={indexInfo=false&wt=json&_=1710417136482} status=0 QTime=0
2024-03-14 11:58:03.579 INFO  (qtp1415289182-24-null-29) [c: s: r: x: t:null-29] o.a.s.s.HttpSolrCall [admin] webapp=null path=/admin/info/properties params={wt=json&_=1710417483572} status=0 QTime=1
2024-03-14 11:58:04.234 INFO  (qtp1415289182-25-null-31) [c: s: r: x: t:null-31] o.a.s.s.HttpSolrCall [admin] webapp=null path=/admin/cores params={indexInfo=false&wt=json&_=1710417136482} status=0 QTime=0
2024-03-14 11:58:04.606 INFO  (qtp1415289182-19-null-30) [c: s: r: x: t:null-30] o.a.s.s.HttpSolrCall [admin] webapp=null path=/admin/cores params={wt=json&_=1710417136482} status=0 QTime=697
2024-03-14 11:58:04.628 INFO  (qtp1415289182-27-null-33) [c: s: r: x: t:null-33] o.a.s.s.HttpSolrCall [admin] webapp=null path=/admin/cores params={indexInfo=false&wt=json&_=1710417136482} status=0 QTime=0
2024-03-14 11:58:04.629 INFO  (qtp1415289182-24-null-32) [c: s: r: x: t:null-32] o.a.s.s.HttpSolrCall [admin] webapp=null path=/admin/cores params={wt=json&_=1710417136482} status=0 QTime=16
2024-03-14 11:58:04.647 INFO  (qtp1415289182-19-null-34) [c: s: r: x: t:null-34] o.a.s.s.HttpSolrCall [admin] webapp=null path=/admin/cores params={wt=json&_=1710417136482} status=0 QTime=12
2024-03-14 11:58:04.944 INFO  (qtp1415289182-26-null-35) [c: s: r: x: t:null-35] o.a.s.s.HttpSolrCall [admin] webapp=null path=/admin/info/system params={wt=json&_=1710417136483} status=0 QTime=11
2024-03-14 11:58:04.960 INFO  (qtp1415289182-19-null-36) [c: s: r: x: t:null-36] o.a.s.s.HttpSolrCall [admin] webapp=null path=/admin/info/system params={wt=json&_=1710417136483} status=0 QTime=11
2024-03-14 11:58:04.978 INFO  (qtp1415289182-26-null-37) [c: s: r: x: t:null-37] o.a.s.s.HttpSolrCall [admin] webapp=null path=/admin/info/system params={wt=json&_=1710417136483} status=0 QTime=14
2024-03-14 11:58:15.410 INFO  (qtp1415289182-19-null-38) [c: s: r: x: t:null-38] o.a.s.s.HttpSolrCall [admin] webapp=null path=/admin/cores params={indexInfo=false&wt=json&_=1710417136482} status=0 QTime=0
2024-03-14 11:58:15.415 INFO  (qtp1415289182-25-null-39) [c: s: r: x: t:null-39] o.a.s.s.HttpSolrCall [admin] webapp=null path=/admin/info/properties params={wt=json&_=1710417483572} status=0 QTime=1
2024-03-14 11:58:15.427 INFO  (qtp1415289182-24-null-40) [c: s: r: x: t:null-40] o.a.s.s.HttpSolrCall [admin] webapp=null path=/admin/info/system params={wt=json&_=1710417136483} status=0 QTime=13
2024-03-14 11:58:15.991 INFO  (qtp1415289182-27-null-41) [c: s: r: x: t:null-41] o.a.s.s.HttpSolrCall [admin] webapp=null path=/admin/cores params={indexInfo=false&wt=json&_=1710417136482} status=0 QTime=0
2024-03-14 11:58:16.055 INFO  (qtp1415289182-26-null-42) [c: s: r: x: t:null-42] o.a.s.s.HttpSolrCall [admin] webapp=null path=/admin/info/system params={wt=json&_=1710417136483} status=0 QTime=63
2024-03-14 11:58:16.056 INFO  (qtp1415289182-19-null-43) [c: s: r: x: t:null-43] o.a.s.s.HttpSolrCall [admin] webapp=null path=/admin/info/threads params={wt=json&_=1710417495987} status=0 QTime=64
2024-03-14 11:58:16.906 INFO  (qtp1415289182-25-null-45) [c: s: r: x: t:null-45] o.a.s.s.HttpSolrCall [admin] webapp=null path=/admin/cores params={indexInfo=false&wt=json&_=1710417136482} status=0 QTime=0
2024-03-14 11:58:16.917 INFO  (qtp1415289182-21-null-44) [c: s: r: x: t:null-44] o.a.s.s.HttpSolrCall [admin] webapp=null path=/admin/info/system params={wt=json&_=1710417136483} status=0 QTime=12
2024-03-14 11:58:16.926 INFO  (qtp1415289182-24-null-46) [c: s: r: x: t:null-46] o.a.s.s.HttpSolrCall [admin] webapp=null path=/admin/cores params={wt=json&_=1710417136482} status=0 QTime=20
2024-03-14 11:58:16.943 INFO  (qtp1415289182-27-null-47) [c: s: r: x: t:null-47] o.a.s.s.HttpSolrCall [admin] webapp=null path=/admin/cores params={indexInfo=false&wt=json&_=1710417136482} status=0 QTime=0
2024-03-14 11:58:16.973 INFO  (qtp1415289182-26-null-48) [c: s: r: x: t:null-48] o.a.s.s.HttpSolrCall [admin] webapp=null path=/admin/info/system params={wt=json&_=1710417136483} status=0 QTime=28
2024-03-14 11:58:16.977 INFO  (qtp1415289182-19-null-49) [c: s: r: x: t:null-49] o.a.s.s.HttpSolrCall [admin] webapp=null path=/admin/cores params={wt=json&_=1710417136482} status=0 QTime=32
2024-03-14 11:58:17.248 INFO  (qtp1415289182-25-null-51) [c: s: r: x: t:null-51] o.a.s.s.HttpSolrCall [admin] webapp=null path=/admin/cores params={indexInfo=false&wt=json&_=1710417136482} status=0 QTime=0
2024-03-14 11:58:17.269 INFO  (qtp1415289182-21-null-50) [c: s: r: x: t:null-50] o.a.s.s.HttpSolrCall [admin] webapp=null path=/admin/info/system params={wt=json&_=1710417136483} status=0 QTime=21
2024-03-14 11:58:17.286 INFO  (qtp1415289182-19-null-52) [c: s: r: x: t:null-52] o.a.s.s.HttpSolrCall [admin] webapp=null path=/admin/info/system params={wt=json&_=1710417136483} status=0 QTime=12
2024-03-14 11:58:17.298 INFO  (qtp1415289182-21-null-53) [c: s: r: x: t:null-53] o.a.s.s.HttpSolrCall [admin] webapp=null path=/cluster/security/authorization params={wt=json&_=1710417481800} status=0 QTime=6
2024-03-14 11:58:17.545 INFO  (qtp1415289182-19-null-54) [c: s: r: x: t:null-54] o.a.s.s.HttpSolrCall [admin] webapp=null path=/admin/cores params={indexInfo=false&wt=json&_=1710417136482} status=0 QTime=0
2024-03-14 11:58:17.557 INFO  (qtp1415289182-26-null-56) [c: s: r: x: t:null-56] o.a.s.s.HttpSolrCall [admin] webapp=null path=/admin/info/logging params={wt=json&_=1710417497540&since=0} status=0 QTime=11
2024-03-14 11:58:17.562 INFO  (qtp1415289182-24-null-55) [c: s: r: x: t:null-55] o.a.s.s.HttpSolrCall [admin] webapp=null path=/admin/info/system params={wt=json&_=1710417136483} status=0 QTime=16
2024-03-14 11:58:26.726 INFO  (qtp1415289182-27-null-57) [c: s: r: x: t:null-57] o.a.s.s.HttpSolrCall [admin] webapp=null path=/admin/cores params={indexInfo=false&wt=json&_=1710417136482} status=0 QTime=0
2024-03-14 11:58:26.740 INFO  (qtp1415289182-25-null-58) [c: s: r: x: t:null-58] o.a.s.s.HttpSolrCall [admin] webapp=null path=/admin/info/logging params={wt=json&_=1710417497540} status=0 QTime=13
2024-03-14 11:58:26.742 INFO  (qtp1415289182-21-null-59) [c: s: r: x: t:null-59] o.a.s.s.HttpSolrCall [admin] webapp=null path=/admin/info/system params={wt=json&_=1710417136483} status=0 QTime=15
2024-03-14 11:58:28.384 INFO  (qtp1415289182-19-null-60) [c: s: r: x: t:null-60] o.a.s.s.HttpSolrCall [admin] webapp=null path=/admin/cores params={indexInfo=false&wt=json&_=1710417136482} status=0 QTime=0
2024-03-14 11:58:28.384 INFO  (qtp1415289182-24-null-62) [c: s: r: x: t:null-62] o.a.s.s.HttpSolrCall [admin] webapp=null path=/admin/info/logging params={wt=json&_=1710417497540&since=0} status=0 QTime=0
2024-03-14 11:58:28.427 INFO  (qtp1415289182-26-null-61) [c: s: r: x: t:null-61] o.a.s.s.HttpSolrCall [admin] webapp=null path=/admin/info/system params={wt=json&_=1710417136483} status=0 QTime=43
2024-03-14 11:58:29.132 INFO  (qtp1415289182-25-null-64) [c: s: r: x: t:null-64] o.a.s.s.HttpSolrCall [admin] webapp=null path=/admin/cores params={indexInfo=false&wt=json&_=1710417136482} status=0 QTime=0
2024-03-14 11:58:29.147 INFO  (qtp1415289182-21-null-65) [c: s: r: x: t:null-65] o.a.s.s.HttpSolrCall [admin] webapp=null path=/admin/info/system params={wt=json&_=1710417136483} status=0 QTime=15
2024-03-14 11:58:29.148 INFO  (qtp1415289182-27-null-63) [c: s: r: x: t:null-63] o.a.s.s.HttpSolrCall [admin] webapp=null path=/admin/cores params={wt=json&_=1710417136482} status=0 QTime=16
2024-03-14 11:58:29.163 INFO  (qtp1415289182-19-null-67) [c: s: r: x: t:null-67] o.a.s.s.HttpSolrCall [admin] webapp=null path=/admin/cores params={indexInfo=false&wt=json&_=1710417136482} status=0 QTime=0
2024-03-14 11:58:29.177 INFO  (qtp1415289182-24-null-66) [c: s: r: x: t:null-66] o.a.s.s.HttpSolrCall [admin] webapp=null path=/admin/info/system params={wt=json&_=1710417136483} status=0 QTime=13
2024-03-14 11:58:29.178 INFO  (qtp1415289182-26-null-68) [c: s: r: x: t:null-68] o.a.s.s.HttpSolrCall [admin] webapp=null path=/admin/cores params={wt=json&_=1710417136482} status=0 QTime=15
2024-03-14 11:59:01.111 INFO  (qtp1415289182-23-null-69) [c: s: r: x:company t:null-69] o.a.s.c.S.Request webapp=/solr path=/select params={q=id:*string*+OR+name:*string*&start=0&rows=0&wt=javabin&version=2} hits=1 status=0 QTime=51
2024-03-14 11:59:01.121 INFO  (qtp1415289182-26-null-70) [c: s: r: x:company t:null-70] o.a.s.c.S.Request webapp=/solr path=/select params={q=id:*string*+OR+name:*string*&start=0&rows=1&wt=javabin&version=2} hits=1 status=0 QTime=5
2024-03-14 12:03:23.936 INFO  (qtp1415289182-21-null-71) [c: s: r: x:company t:null-71] o.a.s.s.ManagedIndexSchema Upgraded to managed schema at /var/solr/data/company/conf/managed-schema.xml
2024-03-14 12:03:24.048 INFO  (qtp1415289182-21-null-71) [c: s: r: x:company t:null-71] o.a.s.u.p.LogUpdateProcessorFactory webapp=/solr path=/update params={wt=javabin&version=2}{add=[1a02f90c-21fe-4380-adf8-1c8ad2309cef (1793503059194675200)]} 0 952
2024-03-14 12:03:24.959 INFO  (searcherExecutor-13-thread-1-processing-company null-72) [c: s: r: x:company t:null-72] o.a.s.c.QuerySenderListener QuerySenderListener done.
2024-03-14 12:03:24.963 INFO  (searcherExecutor-13-thread-1-processing-company null-72) [c: s: r: x:company t:null-72] o.a.s.c.SolrCore Registered new searcher autowarm time: 0 ms
2024-03-14 12:03:24.963 INFO  (qtp1415289182-18-null-72) [c: s: r: x:company t:null-72] o.a.s.u.p.LogUpdateProcessorFactory webapp=/solr path=/update params={waitSearcher=true&commit=true&softCommit=false&wt=javabin&version=2}{commit=} 0 903
2024-03-14 12:03:35.375 INFO  (qtp1415289182-21-null-73) [c: s: r: x:company t:null-73] o.a.s.c.S.Request webapp=/solr path=/select params={q=*:*&start=0&rows=0&wt=javabin&version=2} hits=5 status=0 QTime=0
2024-03-14 12:03:35.381 INFO  (qtp1415289182-18-null-74) [c: s: r: x:company t:null-74] o.a.s.c.S.Request webapp=/solr path=/select params={q=*:*&start=0&rows=5&wt=javabin&version=2} hits=5 status=0 QTime=0
2024-03-14 12:05:20.342 INFO  (JettyShutdownThread) [c: s: r: x: t:] o.e.j.s.Server Stopped Server@3e8f7922{STOPPING}[10.0.19,sto=0]
2024-03-14 12:05:20.353 INFO  (JettyShutdownThread) [c: s: r: x: t:] o.e.j.s.AbstractConnector Stopped ServerConnector@666b83a4{HTTP/1.1, (http/1.1, h2c)}{0.0.0.0:8983}
2024-03-14 12:05:20.370 INFO  (JettyShutdownThread) [c: s: r: x: t:] o.a.s.c.CoreContainer Shutting down CoreContainer instance=1555965524
2024-03-14 12:05:20.375 INFO  (coreCloseExecutor-19-thread-1) [c: s: r: x:company t:] o.a.s.c.SolrCore CLOSING SolrCore org.apache.solr.core.SolrCore@26c28826 company
2024-03-14 12:05:20.376 INFO  (coreCloseExecutor-19-thread-1) [c: s: r: x:company t:] o.a.s.m.SolrMetricManager Closing metric reporters for registry=solr.core.company tag=SolrCore@26c28826
2024-03-14 12:05:20.422 INFO  (coreCloseExecutor-19-thread-1) [c: s: r: x:company t:] o.a.s.u.DirectUpdateHandler2 Committing on IndexWriter.close()  ... SKIPPED (unnecessary).
2024-03-14 12:05:21.475 INFO  (JettyShutdownThread) [c: s: r: x: t:] o.a.s.m.SolrMetricManager Closing metric reporters for registry=solr.node tag=null
2024-03-14 12:05:21.505 INFO  (JettyShutdownThread) [c: s: r: x: t:] o.a.s.m.SolrMetricManager Closing metric reporters for registry=solr.jvm tag=null
2024-03-14 12:05:21.519 INFO  (JettyShutdownThread) [c: s: r: x: t:] o.a.s.m.SolrMetricManager Closing metric reporters for registry=solr.jetty tag=null
2024-03-14 12:05:21.534 INFO  (JettyShutdownThread) [c: s: r: x: t:] o.e.j.s.h.ContextHandler Stopped o.e.j.w.WebAppContext@21362712{solr-jetty-context.xml,/solr,null,STOPPED}{/opt/solr-9.5.0/server/solr-webapp/webapp}
