[2024-03-14T11:43:45.644+0000][0.184s] Using G1
[2024-03-14T11:43:45.795+0000][0.336s] Version: 17.0.10+7 (release)
[2024-03-14T11:43:45.797+0000][0.337s] CPUs: 8 total, 8 available
[2024-03-14T11:43:45.798+0000][0.338s] Memory: 1967M
[2024-03-14T11:43:45.798+0000][0.339s] Large Page Support: Disabled
[2024-03-14T11:43:45.800+0000][0.341s] NUMA Support: Disabled
[2024-03-14T11:43:45.804+0000][0.344s] Compressed Oops: Enabled (32-bit)
[2024-03-14T11:43:45.805+0000][0.346s] Heap Region Size: 1M
[2024-03-14T11:43:45.809+0000][0.349s] Heap Min Capacity: 512M
[2024-03-14T11:43:45.810+0000][0.351s] Heap Initial Capacity: 512M
[2024-03-14T11:43:45.811+0000][0.352s] Heap Max Capacity: 512M
[2024-03-14T11:43:45.812+0000][0.353s] Pre-touch: Enabled
[2024-03-14T11:43:45.813+0000][0.354s] Parallel Workers: 8
[2024-03-14T11:43:45.814+0000][0.354s] Concurrent Workers: 2
[2024-03-14T11:43:45.814+0000][0.355s] Concurrent Refinement Workers: 8
[2024-03-14T11:43:45.815+0000][0.356s] Periodic GC: Disabled
[2024-03-14T11:43:45.841+0000][0.381s] CDS archive(s) mapped at: [0x00007f71e3000000-0x00007f71e3a5f000-0x00007f71e3a5f000), size 10874880, SharedBaseAddress: 0x00007f71e3000000, ArchiveRelocationMode: 1.
[2024-03-14T11:43:45.842+0000][0.382s] Compressed class space mapped at: 0x00007f71e4000000-0x00007f7224000000, reserved size: 1073741824
[2024-03-14T11:43:45.843+0000][0.383s] Narrow klass base: 0x00007f71e3000000, Narrow klass shift: 0, Narrow klass range: 0x100000000
[2024-03-14T11:43:48.254+0000][2.795s] GC(0) Pause Young (Normal) (G1 Evacuation Pause)
[2024-03-14T11:43:48.257+0000][2.797s] GC(0) Using 8 workers of 8 for evacuation
[2024-03-14T11:43:48.267+0000][2.808s] GC(0)   Pre Evacuate Collection Set: 0.2ms
[2024-03-14T11:43:48.269+0000][2.809s] GC(0)   Merge Heap Roots: 0.1ms
[2024-03-14T11:43:48.270+0000][2.811s] GC(0)   Evacuate Collection Set: 7.5ms
[2024-03-14T11:43:48.272+0000][2.812s] GC(0)   Post Evacuate Collection Set: 0.8ms
[2024-03-14T11:43:48.273+0000][2.813s] GC(0)   Other: 4.5ms
[2024-03-14T11:43:48.274+0000][2.814s] GC(0) Eden regions: 29->0(57)
[2024-03-14T11:43:48.275+0000][2.815s] GC(0) Survivor regions: 0->4(4)
[2024-03-14T11:43:48.277+0000][2.817s] GC(0) Old regions: 0->1
[2024-03-14T11:43:48.277+0000][2.818s] GC(0) Archive regions: 2->2
[2024-03-14T11:43:48.278+0000][2.818s] GC(0) Humongous regions: 0->0
[2024-03-14T11:43:48.278+0000][2.819s] GC(0) Metaspace: 9932K(10240K)->9932K(10240K) NonClass: 8691K(8832K)->8691K(8832K) Class: 1240K(1408K)->1240K(1408K)
[2024-03-14T11:43:48.279+0000][2.819s] GC(0) Pause Young (Normal) (G1 Evacuation Pause) 29M->5M(512M) 24.425ms
[2024-03-14T11:43:48.279+0000][2.820s] GC(0) User=0.02s Sys=0.00s Real=0.02s
[2024-03-14T11:43:50.190+0000][4.730s] GC(1) Pause Young (Normal) (G1 Evacuation Pause)
[2024-03-14T11:43:50.190+0000][4.731s] GC(1) Using 8 workers of 8 for evacuation
[2024-03-14T11:43:50.215+0000][4.756s] GC(1)   Pre Evacuate Collection Set: 0.2ms
[2024-03-14T11:43:50.217+0000][4.757s] GC(1)   Merge Heap Roots: 0.2ms
[2024-03-14T11:43:50.217+0000][4.758s] GC(1)   Evacuate Collection Set: 22.4ms
[2024-03-14T11:43:50.218+0000][4.759s] GC(1)   Post Evacuate Collection Set: 1.3ms
[2024-03-14T11:43:50.219+0000][4.760s] GC(1)   Other: 1.5ms
[2024-03-14T11:43:50.219+0000][4.760s] GC(1) Eden regions: 54->0(196)
[2024-03-14T11:43:50.220+0000][4.761s] GC(1) Survivor regions: 4->8(8)
[2024-03-14T11:43:50.222+0000][4.762s] GC(1) Old regions: 1->9
[2024-03-14T11:43:50.222+0000][4.763s] GC(1) Archive regions: 2->2
[2024-03-14T11:43:50.224+0000][4.764s] GC(1) Humongous regions: 4->4
[2024-03-14T11:43:50.225+0000][4.765s] GC(1) Metaspace: 17878K(18176K)->17878K(18176K) NonClass: 15665K(15872K)->15665K(15872K) Class: 2213K(2304K)->2213K(2304K)
[2024-03-14T11:43:50.225+0000][4.766s] GC(1) Pause Young (Normal) (G1 Evacuation Pause) 63M->21M(512M) 35.698ms
[2024-03-14T11:43:50.230+0000][4.770s] GC(1) User=0.08s Sys=0.00s Real=0.04s
[2024-03-14T11:43:51.481+0000][6.022s] GC(2) Pause Young (Concurrent Start) (Metadata GC Threshold)
[2024-03-14T11:43:51.483+0000][6.023s] GC(2) Using 8 workers of 8 for evacuation
[2024-03-14T11:43:51.508+0000][6.049s] GC(2)   Pre Evacuate Collection Set: 0.2ms
[2024-03-14T11:43:51.509+0000][6.050s] GC(2)   Merge Heap Roots: 0.2ms
[2024-03-14T11:43:51.510+0000][6.050s] GC(2)   Evacuate Collection Set: 20.2ms
[2024-03-14T11:43:51.511+0000][6.051s] GC(2)   Post Evacuate Collection Set: 1.9ms
[2024-03-14T11:43:51.512+0000][6.052s] GC(2)   Other: 4.0ms
[2024-03-14T11:43:51.513+0000][6.053s] GC(2) Eden regions: 32->0(208)
[2024-03-14T11:43:51.515+0000][6.055s] GC(2) Survivor regions: 8->11(23)
[2024-03-14T11:43:51.516+0000][6.056s] GC(2) Old regions: 9->9
[2024-03-14T11:43:51.516+0000][6.057s] GC(2) Archive regions: 2->2
[2024-03-14T11:43:51.518+0000][6.058s] GC(2) Humongous regions: 4->4
[2024-03-14T11:43:51.522+0000][6.062s] GC(2) Metaspace: 21201K(21504K)->21201K(21504K) NonClass: 18580K(18752K)->18580K(18752K) Class: 2620K(2752K)->2620K(2752K)
[2024-03-14T11:43:51.523+0000][6.063s] GC(2) Pause Young (Concurrent Start) (Metadata GC Threshold) 53M->23M(512M) 41.346ms
[2024-03-14T11:43:51.527+0000][6.067s] GC(2) User=0.05s Sys=0.01s Real=0.05s
[2024-03-14T11:43:51.528+0000][6.068s] GC(3) Concurrent Mark Cycle
[2024-03-14T11:43:51.529+0000][6.070s] GC(3) Concurrent Clear Claimed Marks
[2024-03-14T11:43:51.530+0000][6.071s] GC(3) Concurrent Clear Claimed Marks 1.021ms
[2024-03-14T11:43:51.531+0000][6.071s] GC(3) Concurrent Scan Root Regions
[2024-03-14T11:43:51.539+0000][6.079s] GC(3) Concurrent Scan Root Regions 8.024ms
[2024-03-14T11:43:51.546+0000][6.087s] GC(3) Concurrent Mark
[2024-03-14T11:43:51.548+0000][6.088s] GC(3) Concurrent Mark From Roots
[2024-03-14T11:43:51.549+0000][6.089s] GC(3) Using 2 workers of 2 for marking
[2024-03-14T11:43:51.579+0000][6.119s] GC(3) Concurrent Mark From Roots 31.014ms
[2024-03-14T11:43:51.581+0000][6.122s] GC(3) Concurrent Preclean
[2024-03-14T11:43:51.585+0000][6.125s] GC(3) Concurrent Preclean 3.277ms
[2024-03-14T11:43:51.588+0000][6.129s] GC(3) Pause Remark
[2024-03-14T11:43:51.597+0000][6.138s] GC(3) Pause Remark 25M->25M(512M) 9.167ms
[2024-03-14T11:43:51.598+0000][6.139s] GC(3) User=0.01s Sys=0.01s Real=0.01s
[2024-03-14T11:43:51.600+0000][6.140s] GC(3) Concurrent Mark 53.694ms
[2024-03-14T11:43:51.603+0000][6.144s] GC(3) Concurrent Rebuild Remembered Sets
[2024-03-14T11:43:51.624+0000][6.165s] GC(3) Concurrent Rebuild Remembered Sets 21.148ms
[2024-03-14T11:43:51.627+0000][6.167s] GC(3) Pause Cleanup
[2024-03-14T11:43:51.628+0000][6.169s] GC(3) Pause Cleanup 25M->25M(512M) 1.187ms
[2024-03-14T11:43:51.629+0000][6.169s] GC(3) User=0.01s Sys=0.00s Real=0.00s
[2024-03-14T11:43:51.629+0000][6.170s] GC(3) Concurrent Cleanup for Next Mark
[2024-03-14T11:43:51.631+0000][6.172s] GC(3) Concurrent Cleanup for Next Mark 1.898ms
[2024-03-14T11:43:51.634+0000][6.175s] GC(3) Concurrent Mark Cycle 106.343ms
[2024-03-14T11:44:02.662+0000][17.202s] GC(4) Pause Young (Concurrent Start) (Metadata GC Threshold)
[2024-03-14T11:44:02.665+0000][17.205s] GC(4) Using 8 workers of 8 for evacuation
[2024-03-14T11:44:02.927+0000][17.467s] GC(4) MMU target violated: 251.0ms (250.0ms/251.0ms)
[2024-03-14T11:44:02.928+0000][17.468s] GC(4)   Pre Evacuate Collection Set: 0.3ms
[2024-03-14T11:44:02.929+0000][17.469s] GC(4)   Merge Heap Roots: 0.3ms
[2024-03-14T11:44:02.930+0000][17.470s] GC(4)   Evacuate Collection Set: 247.0ms
[2024-03-14T11:44:02.932+0000][17.472s] GC(4)   Post Evacuate Collection Set: 12.3ms
[2024-03-14T11:44:02.932+0000][17.472s] GC(4)   Other: 6.3ms
[2024-03-14T11:44:02.934+0000][17.474s] GC(4) Eden regions: 121->0(51)
[2024-03-14T11:44:02.935+0000][17.475s] GC(4) Survivor regions: 11->16(28)
[2024-03-14T11:44:02.938+0000][17.478s] GC(4) Old regions: 9->9
[2024-03-14T11:44:02.941+0000][17.481s] GC(4) Archive regions: 2->2
[2024-03-14T11:44:02.942+0000][17.482s] GC(4) Humongous regions: 4->4
[2024-03-14T11:44:02.948+0000][17.488s] GC(4) Metaspace: 35734K(36160K)->35734K(36160K) NonClass: 31247K(31424K)->31247K(31424K) Class: 4486K(4736K)->4486K(4736K)
[2024-03-14T11:44:02.949+0000][17.489s] GC(4) Pause Young (Concurrent Start) (Metadata GC Threshold) 144M->29M(512M) 286.365ms
[2024-03-14T11:44:02.952+0000][17.492s] GC(4) User=0.16s Sys=0.09s Real=0.29s
[2024-03-14T11:44:02.953+0000][17.493s] GC(5) Concurrent Mark Cycle
[2024-03-14T11:44:02.959+0000][17.499s] GC(5) Concurrent Clear Claimed Marks
[2024-03-14T11:44:02.963+0000][17.503s] GC(5) Concurrent Clear Claimed Marks 4.189ms
[2024-03-14T11:44:02.965+0000][17.505s] GC(5) Concurrent Scan Root Regions
[2024-03-14T11:44:02.983+0000][17.523s] GC(5) Concurrent Scan Root Regions 17.784ms
[2024-03-14T11:44:02.985+0000][17.525s] GC(5) Concurrent Mark
[2024-03-14T11:44:02.992+0000][17.532s] GC(5) Concurrent Mark From Roots
[2024-03-14T11:44:02.995+0000][17.535s] GC(5) Using 2 workers of 2 for marking
[2024-03-14T11:44:03.098+0000][17.638s] GC(5) Concurrent Mark From Roots 107.918ms
[2024-03-14T11:44:03.099+0000][17.639s] GC(5) Concurrent Preclean
[2024-03-14T11:44:03.103+0000][17.643s] GC(5) Concurrent Preclean 4.031ms
[2024-03-14T11:44:03.105+0000][17.645s] GC(5) Pause Remark
[2024-03-14T11:44:03.124+0000][17.664s] GC(5) Pause Remark 32M->32M(512M) 18.623ms
[2024-03-14T11:44:03.128+0000][17.668s] GC(5) User=0.02s Sys=0.00s Real=0.02s
[2024-03-14T11:44:03.130+0000][17.670s] GC(5) Concurrent Mark 145.171ms
[2024-03-14T11:44:03.134+0000][17.674s] GC(5) Concurrent Rebuild Remembered Sets
[2024-03-14T11:44:03.150+0000][17.690s] GC(5) Concurrent Rebuild Remembered Sets 15.820ms
[2024-03-14T11:44:03.158+0000][17.698s] GC(5) Pause Cleanup
[2024-03-14T11:44:03.160+0000][17.700s] GC(5) Pause Cleanup 32M->32M(512M) 1.550ms
[2024-03-14T11:44:03.161+0000][17.701s] GC(5) User=0.00s Sys=0.00s Real=0.00s
[2024-03-14T11:44:03.163+0000][17.703s] GC(5) Concurrent Cleanup for Next Mark
[2024-03-14T11:44:03.169+0000][17.709s] GC(5) Concurrent Cleanup for Next Mark 6.314ms
[2024-03-14T11:44:03.171+0000][17.711s] GC(5) Concurrent Mark Cycle 218.259ms
[2024-03-14T11:44:06.665+0000][21.205s] GC(6) Pause Young (Concurrent Start) (G1 Evacuation Pause)
[2024-03-14T11:44:06.666+0000][21.206s] GC(6) Using 8 workers of 8 for evacuation
[2024-03-14T11:44:06.779+0000][21.319s] GC(6)   Pre Evacuate Collection Set: 0.3ms
[2024-03-14T11:44:06.780+0000][21.320s] GC(6)   Merge Heap Roots: 0.2ms
[2024-03-14T11:44:06.781+0000][21.321s] GC(6)   Evacuate Collection Set: 109.4ms
[2024-03-14T11:44:06.782+0000][21.322s] GC(6)   Post Evacuate Collection Set: 1.8ms
[2024-03-14T11:44:06.783+0000][21.323s] GC(6)   Other: 2.2ms
[2024-03-14T11:44:06.784+0000][21.324s] GC(6) Eden regions: 103->0(65)
[2024-03-14T11:44:06.785+0000][21.325s] GC(6) Survivor regions: 16->15(15)
[2024-03-14T11:44:06.786+0000][21.326s] GC(6) Old regions: 9->19
[2024-03-14T11:44:06.787+0000][21.327s] GC(6) Archive regions: 2->2
[2024-03-14T11:44:06.787+0000][21.327s] GC(6) Humongous regions: 4->4
[2024-03-14T11:44:06.788+0000][21.328s] GC(6) Metaspace: 46510K(46976K)->46510K(46976K) NonClass: 40544K(40768K)->40544K(40768K) Class: 5966K(6208K)->5966K(6208K)
[2024-03-14T11:44:06.789+0000][21.329s] GC(6) Pause Young (Concurrent Start) (G1 Evacuation Pause) 132M->37M(512M) 123.945ms
[2024-03-14T11:44:06.790+0000][21.330s] GC(6) User=0.16s Sys=0.04s Real=0.12s
[2024-03-14T11:44:06.791+0000][21.331s] GC(7) Concurrent Mark Cycle
[2024-03-14T11:44:06.792+0000][21.332s] GC(7) Concurrent Clear Claimed Marks
[2024-03-14T11:44:06.793+0000][21.333s] GC(7) Concurrent Clear Claimed Marks 1.208ms
[2024-03-14T11:44:06.794+0000][21.334s] GC(7) Concurrent Scan Root Regions
[2024-03-14T11:44:06.810+0000][21.350s] GC(7) Concurrent Scan Root Regions 15.331ms
[2024-03-14T11:44:06.811+0000][21.351s] GC(7) Concurrent Mark
[2024-03-14T11:44:06.814+0000][21.354s] GC(7) Concurrent Mark From Roots
[2024-03-14T11:44:06.816+0000][21.356s] GC(7) Using 2 workers of 2 for marking
[2024-03-14T11:44:06.839+0000][21.379s] GC(7) Concurrent Mark From Roots 24.259ms
[2024-03-14T11:44:06.839+0000][21.379s] GC(7) Concurrent Preclean
[2024-03-14T11:44:06.840+0000][21.380s] GC(7) Concurrent Preclean 0.880ms
[2024-03-14T11:44:06.841+0000][21.381s] GC(7) Pause Remark
[2024-03-14T11:44:06.850+0000][21.390s] GC(7) Pause Remark 39M->39M(512M) 8.392ms
[2024-03-14T11:44:06.852+0000][21.392s] GC(7) User=0.04s Sys=0.00s Real=0.01s
[2024-03-14T11:44:06.859+0000][21.399s] GC(7) Concurrent Mark 47.688ms
[2024-03-14T11:44:06.860+0000][21.400s] GC(7) Concurrent Rebuild Remembered Sets
[2024-03-14T11:44:06.880+0000][21.420s] GC(7) Concurrent Rebuild Remembered Sets 19.706ms
[2024-03-14T11:44:06.885+0000][21.425s] GC(7) Pause Cleanup
[2024-03-14T11:44:06.886+0000][21.426s] GC(7) Pause Cleanup 40M->40M(512M) 1.107ms
[2024-03-14T11:44:06.890+0000][21.430s] GC(7) User=0.00s Sys=0.00s Real=0.00s
[2024-03-14T11:44:06.891+0000][21.431s] GC(7) Concurrent Cleanup for Next Mark
[2024-03-14T11:44:06.893+0000][21.433s] GC(7) Concurrent Cleanup for Next Mark 1.407ms
[2024-03-14T11:44:06.894+0000][21.434s] GC(7) Concurrent Mark Cycle 102.397ms
[2024-03-14T11:48:40.398+0000][294.939s] GC(8) Pause Young (Normal) (G1 Evacuation Pause)
[2024-03-14T11:48:40.398+0000][294.939s] GC(8) Using 8 workers of 8 for evacuation
[2024-03-14T11:48:40.441+0000][294.982s] GC(8)   Pre Evacuate Collection Set: 0.1ms
[2024-03-14T11:48:40.441+0000][294.982s] GC(8)   Merge Heap Roots: 0.1ms
[2024-03-14T11:48:40.442+0000][294.983s] GC(8)   Evacuate Collection Set: 40.5ms
[2024-03-14T11:48:40.443+0000][294.984s] GC(8)   Post Evacuate Collection Set: 0.7ms
[2024-03-14T11:48:40.443+0000][294.984s] GC(8)   Other: 1.9ms
[2024-03-14T11:48:40.443+0000][294.984s] GC(8) Eden regions: 65->0(172)
[2024-03-14T11:48:40.443+0000][294.984s] GC(8) Survivor regions: 15->8(10)
[2024-03-14T11:48:40.444+0000][294.985s] GC(8) Old regions: 19->34
[2024-03-14T11:48:40.445+0000][294.986s] GC(8) Archive regions: 2->2
[2024-03-14T11:48:40.446+0000][294.987s] GC(8) Humongous regions: 4->4
[2024-03-14T11:48:40.446+0000][294.987s] GC(8) Metaspace: 55265K(55808K)->55265K(55808K) NonClass: 48086K(48384K)->48086K(48384K) Class: 7179K(7424K)->7179K(7424K)
[2024-03-14T11:48:40.447+0000][294.988s] GC(8) Pause Young (Normal) (G1 Evacuation Pause) 102M->45M(512M) 48.952ms
[2024-03-14T11:48:40.447+0000][294.988s] GC(8) User=0.05s Sys=0.03s Real=0.05s
[2024-03-14T11:59:01.082+0000][915.623s] GC(9) Pause Young (Normal) (G1 Evacuation Pause)
[2024-03-14T11:59:01.084+0000][915.625s] GC(9) Using 8 workers of 8 for evacuation
[2024-03-14T11:59:01.097+0000][915.638s] GC(9)   Pre Evacuate Collection Set: 0.1ms
[2024-03-14T11:59:01.097+0000][915.638s] GC(9)   Merge Heap Roots: 0.1ms
[2024-03-14T11:59:01.098+0000][915.639s] GC(9)   Evacuate Collection Set: 11.3ms
[2024-03-14T11:59:01.099+0000][915.640s] GC(9)   Post Evacuate Collection Set: 0.7ms
[2024-03-14T11:59:01.099+0000][915.640s] GC(9)   Other: 2.4ms
[2024-03-14T11:59:01.099+0000][915.640s] GC(9) Eden regions: 172->0(294)
[2024-03-14T11:59:01.100+0000][915.641s] GC(9) Survivor regions: 8->9(23)
[2024-03-14T11:59:01.100+0000][915.641s] GC(9) Old regions: 34->34
[2024-03-14T11:59:01.100+0000][915.641s] GC(9) Archive regions: 2->2
[2024-03-14T11:59:01.101+0000][915.642s] GC(9) Humongous regions: 4->4
[2024-03-14T11:59:01.102+0000][915.643s] GC(9) Metaspace: 56895K(57472K)->56895K(57472K) NonClass: 49574K(49856K)->49574K(49856K) Class: 7320K(7616K)->7320K(7616K)
[2024-03-14T11:59:01.103+0000][915.644s] GC(9) Pause Young (Normal) (G1 Evacuation Pause) 217M->46M(512M) 21.099ms
[2024-03-14T11:59:01.104+0000][915.645s] GC(9) User=0.04s Sys=0.01s Real=0.02s
[2024-03-14T12:05:21.541+0000][1296.082s] Heap
[2024-03-14T12:05:21.542+0000][1296.083s]  garbage-first heap   total 524288K, used 109844K [0x00000000e0000000, 0x0000000100000000)
[2024-03-14T12:05:21.543+0000][1296.084s]   region size 1024K, 70 young (71680K), 9 survivors (9216K)
[2024-03-14T12:05:21.543+0000][1296.085s]  Metaspace       used 57530K, committed 58112K, reserved 1114112K
[2024-03-14T12:05:21.545+0000][1296.086s]   class space    used 7393K, committed 7680K, reserved 1048576K
